<?xml version="1.0" encoding="UTF-8"?>
<testng-results skipped="0" failed="0" ignored="0" total="1" passed="1">
  <reporter-output>
  </reporter-output>
  <suite name="Default suite" duration-ms="1056" started-at="2018-04-17T06:25:00Z" finished-at="2018-04-17T06:25:01Z">
    <groups>
    </groups>
    <test name="Default test" duration-ms="1056" started-at="2018-04-17T06:25:00Z" finished-at="2018-04-17T06:25:01Z">
      <class name="com.bigdata.hdfs.directory.MkDir">
        <test-method status="PASS" signature="mkdir()[pri:0, instance:com.bigdata.hdfs.directory.MkDir@543c6f6d]" name="mkdir" duration-ms="1032" started-at="2018-04-17T06:25:00Z" finished-at="2018-04-17T06:25:01Z">
          <reporter-output>
          </reporter-output>
        </test-method> <!-- mkdir -->
      </class> <!-- com.bigdata.hdfs.directory.MkDir -->
    </test> <!-- Default test -->
  </suite> <!-- Default suite -->
</testng-results>
